<?xml version="1.0" encoding="UTF-8" ?>
<testsuite tests="37" failures="0" name="info.customer.test.TestRunner" time="0.061" errors="0" skipped="0">
  <properties>
[...]
</properties>
  <testcase classname="Scenario: Add/create a new customer&apos;s data" name="Given URL is &quot;http://localhost:8080/CustomerData/rest/xml/&quot;" time="0.003"/>
  <testcase classname="Scenario: Add/create a new customer&apos;s data" name="Given the client has to add a new customer with name &quot;Udit&quot;, address &quot;Random Street&quot; and phone &quot;229911122&quot;" time="0"/>
  <testcase classname="Scenario: Add/create a new customer&apos;s data" name="When the client sends the POST request" time="0"/>
  <testcase classname="Scenario: Add/create a new customer&apos;s data" name="Then the client should obtain the following XML message" time="0"/>
  <testcase classname="Scenario: Add/create a new customer&apos;s data" name="Scenario: Add/create a new customer&apos;s data" time="0.014"/>
  <testcase classname="| David | 2 random st. | 226611000 |" name="Given URL is &quot;http://localhost:8080/CustomerData/rest/xml/&quot;" time="0"/>
  <testcase classname="| David | 2 random st. | 226611000 |" name="Given the client has to add a new customer with name &quot;David&quot;, address &quot;2 random st.&quot; and phone &quot;226611000&quot;" time="0"/>
  <testcase classname="| David | 2 random st. | 226611000 |" name="When the client sends the POST request" time="0"/>
  <testcase classname="| David | 2 random st. | 226611000 |" name="Then the client should obtain the following XML message" time="0"/>
  <testcase classname="| David | 2 random st. | 226611000 |" name="| David | 2 random st. | 226611000 |" time="0.019"/>
  <testcase classname="| Peter | Queen St. | 220001166 |" name="Given URL is &quot;http://localhost:8080/CustomerData/rest/xml/&quot;" time="0"/>
  <testcase classname="| Peter | Queen St. | 220001166 |" name="Given the client has to add a new customer with name &quot;Peter&quot;, address &quot;Queen St.&quot; and phone &quot;220001166&quot;" time="0"/>
  <testcase classname="| Peter | Queen St. | 220001166 |" name="When the client sends the POST request" time="0"/>
  <testcase classname="| Peter | Queen St. | 220001166 |" name="Then the client should obtain the following XML message" time="0"/>
  <testcase classname="| Peter | Queen St. | 220001166 |" name="| Peter | Queen St. | 220001166 |" time="0.005"/>
  <testcase classname="| Gary | Hobsan St. | 661062217 |" name="Given URL is &quot;http://localhost:8080/CustomerData/rest/xml/&quot;" time="0"/>
  <testcase classname="| Gary | Hobsan St. | 661062217 |" name="Given the client has to add a new customer with name &quot;Gary&quot;, address &quot;Hobsan St.&quot; and phone &quot;661062217&quot;" time="0"/>
  <testcase classname="| Gary | Hobsan St. | 661062217 |" name="When the client sends the POST request" time="0"/>
  <testcase classname="| Gary | Hobsan St. | 661062217 |" name="Then the client should obtain the following XML message" time="0"/>
  <testcase classname="| Gary | Hobsan St. | 661062217 |" name="| Gary | Hobsan St. | 661062217 |" time="0.005"/>
  <testcase classname="Scenario: Read an existing customer&apos;s data" name="Given URL is &quot;http://localhost:8080/CustomerData/rest/xml/&quot;" time="0"/>
  <testcase classname="Scenario: Read an existing customer&apos;s data" name="Given database has a customer&apos;s data with name &quot;Udit&quot;, address &quot;Random Street&quot; and phone &quot;229911122&quot;" time="0"/>
  <testcase classname="Scenario: Read an existing customer&apos;s data" name="When the client sends the GET request with name &quot;Udit&quot;" time="0"/>
  <testcase classname="Scenario: Read an existing customer&apos;s data" name="Then the client should obtain the following XML message" time="0"/>
  <testcase classname="Scenario: Read an existing customer&apos;s data" name="Scenario: Read an existing customer&apos;s data" time="0.006"/>
  <testcase classname="Scenario: Fetching all the data" name="Given URL is &quot;http://localhost:8080/CustomerData/rest/xml/&quot;" time="0"/>
  <testcase classname="Scenario: Fetching all the data" name="Given database has a customer&apos;s data with name &quot;David&quot;, address &quot;2 random st.&quot; and phone &quot;226611000&quot;" time="0"/>
  <testcase classname="Scenario: Fetching all the data" name="And database has another customer&apos;s data with name &quot;Peter&quot;, address &quot;Queen St.&quot; and phone &quot;220001166&quot;" time="0"/>
  <testcase classname="Scenario: Fetching all the data" name="And database has another customer&apos;s data with name &quot;Gary&quot;, address &quot;Hobsan St.&quot; and phone &quot;661062217&quot;" time="0"/>
  <testcase classname="Scenario: Fetching all the data" name="When the client sends the GET request" time="0"/>
  <testcase classname="Scenario: Fetching all the data" name="Then the client should obtain the following XML message" time="0.001"/>
  <testcase classname="Scenario: Fetching all the data" name="Scenario: Fetching all the data" time="0.001"/>
  <testcase classname="Scenario: Try to get data of non existing customer" name="Given URL is &quot;http://localhost:8080/CustomerData/rest/xml/&quot;" time="0"/>
  <testcase classname="Scenario: Try to get data of non existing customer" name="Given there is no customer&apos;s data with name &quot;RandomCustomer&quot;" time="0.001"/>
  <testcase classname="Scenario: Try to get data of non existing customer" name="When the client sends the GET request with name &quot;RandomCustomer&quot;" time="0"/>
  <testcase classname="Scenario: Try to get data of non existing customer" name="Then the client should obtain the following XML message" time="0"/>
  <testcase classname="Scenario: Try to get data of non existing customer" name="Scenario: Try to get data of non existing customer" time="0.006"/>
</testsuite>